<?xml version="1.0" encoding="UTF-8"?>
<!-- Generated by org.testng.reporters.JUnitReportReporter -->
<testsuite hostname="LTIN487458" failures="0" tests="5" name="testCases.LoginDDT" time="68.210" errors="0" timestamp="2024-01-31T11:07:50 IST" skipped="0">
  <testcase classname="testCases.LoginDDT" name="verify_loginDDT" time="15.579"/>
  <system-out/>
  <testcase classname="testCases.LoginDDT" name="verify_loginDDT" time="12.333"/>
  <system-out/>
  <testcase classname="testCases.LoginDDT" name="verify_loginDDT" time="12.349"/>
  <system-out/>
  <testcase classname="testCases.LoginDDT" name="verify_loginDDT" time="15.611"/>
  <system-out/>
  <testcase classname="testCases.LoginDDT" name="verify_loginDDT" time="12.338"/>
  <system-out/>
</testsuite> <!-- testCases.LoginDDT -->
