<?xml version="1.0" encoding="UTF-8"?>
<!-- Generated by org.testng.reporters.JUnitReportReporter -->
<testsuite hostname="LTIN487458" failures="0" tests="5" name="testCases.LoginDDT" time="69.365" errors="0" timestamp="2024-02-01T11:53:14 IST" skipped="0">
  <testcase classname="testCases.LoginDDT" name="verify_loginDDT" time="12.286"/>
  <testcase classname="testCases.LoginDDT" name="verify_loginDDT" time="12.258"/>
  <testcase classname="testCases.LoginDDT" name="verify_loginDDT" time="12.337"/>
  <testcase classname="testCases.LoginDDT" name="verify_loginDDT" time="16.969"/>
  <testcase classname="testCases.LoginDDT" name="verify_loginDDT" time="15.515"/>
</testsuite> <!-- testCases.LoginDDT -->
